d:\projet\cpp\cudaneuralnetwork\cudaneuralnetwork\x64\debug\vc142.pdb
d:\projet\cpp\cudaneuralnetwork\cudaneuralnetwork\x64\debug\vc142.idb
d:\projet\cpp\cudaneuralnetwork\cudaneuralnetwork\x64\debug\imagedata.obj
d:\projet\cpp\cudaneuralnetwork\cudaneuralnetwork\x64\debug\cudaneuralnetwork.obj
d:\projet\cpp\cudaneuralnetwork\cudaneuralnetwork\x64\debug\color.obj
d:\projet\cpp\cudaneuralnetwork\cudaneuralnetwork\x64\debug\cnnhelper.obj
d:\projet\cpp\cudaneuralnetwork\cudaneuralnetwork\x64\debug\neuralnetwork.obj
d:\projet\cpp\cudaneuralnetwork\cudaneuralnetwork\x64\debug\kernel.cu.obj
d:\projet\cpp\cudaneuralnetwork\x64\debug\cudaneuralnetwork.lib
d:\projet\cpp\cudaneuralnetwork\x64\debug\cudaneuralnetwork.exp
d:\projet\cpp\cudaneuralnetwork\x64\debug\cudaneuralnetwork.dll
d:\projet\cpp\cudaneuralnetwork\cudaneuralnetwork\x64\debug\cudaneuralnetwork.ilk
d:\projet\cpp\cudaneuralnetwork\x64\debug\cudaneuralnetwork.pdb
d:\projet\cpp\cudaneuralnetwork\cudaneuralnetwork\x64\debug\kernel.cu.cache
d:\projet\cpp\cudaneuralnetwork\cudaneuralnetwork\x64\debug\cudaneur.64edac79.tlog\cl.command.1.tlog
d:\projet\cpp\cudaneuralnetwork\cudaneuralnetwork\x64\debug\cudaneur.64edac79.tlog\cl.read.1.tlog
d:\projet\cpp\cudaneuralnetwork\cudaneuralnetwork\x64\debug\cudaneur.64edac79.tlog\cl.write.1.tlog
d:\projet\cpp\cudaneuralnetwork\cudaneuralnetwork\x64\debug\cudaneur.64edac79.tlog\cudacompile.read.1u.tlog
d:\projet\cpp\cudaneuralnetwork\cudaneuralnetwork\x64\debug\cudaneur.64edac79.tlog\cudacompile.write.1u.tlog
d:\projet\cpp\cudaneuralnetwork\cudaneuralnetwork\x64\debug\cudaneur.64edac79.tlog\cudaneuralnetwork.write.1u.tlog
d:\projet\cpp\cudaneuralnetwork\cudaneuralnetwork\x64\debug\cudaneur.64edac79.tlog\link.command.1.tlog
d:\projet\cpp\cudaneuralnetwork\cudaneuralnetwork\x64\debug\cudaneur.64edac79.tlog\link.read.1.tlog
d:\projet\cpp\cudaneuralnetwork\cudaneuralnetwork\x64\debug\cudaneur.64edac79.tlog\link.write.1.tlog
