c:\users\micka\documents\projet\cpp\neuralnetwork\cudaneuralnetwork\x64\release\vc142.pdb
c:\users\micka\documents\projet\cpp\neuralnetwork\cudaneuralnetwork\x64\release\rbf.obj
c:\users\micka\documents\projet\cpp\neuralnetwork\cudaneuralnetwork\x64\release\neuralnetwork.obj
c:\users\micka\documents\projet\cpp\neuralnetwork\cudaneuralnetwork\x64\release\linearmodel.obj
c:\users\micka\documents\projet\cpp\neuralnetwork\cudaneuralnetwork\x64\release\imagedata.obj
c:\users\micka\documents\projet\cpp\neuralnetwork\cudaneuralnetwork\x64\release\cudaneuralnetwork.obj
c:\users\micka\documents\projet\cpp\neuralnetwork\cudaneuralnetwork\x64\release\color.obj
c:\users\micka\documents\projet\cpp\neuralnetwork\cudaneuralnetwork\x64\release\cnnhelper.obj
c:\users\micka\documents\projet\cpp\neuralnetwork\cudaneuralnetwork\x64\release\kernel.cu.obj
c:\users\micka\documents\projet\cpp\neuralnetwork\x64\release\cudaneuralnetwork.lib
c:\users\micka\documents\projet\cpp\neuralnetwork\x64\release\cudaneuralnetwork.exp
c:\users\micka\documents\projet\cpp\neuralnetwork\x64\release\cudaneuralnetwork.dll
c:\users\micka\documents\projet\cpp\neuralnetwork\cudaneuralnetwork\x64\release\cudaneuralnetwork.ipdb
c:\users\micka\documents\projet\cpp\neuralnetwork\cudaneuralnetwork\x64\release\cudaneuralnetwork.iobj
c:\users\micka\documents\projet\cpp\neuralnetwork\x64\release\cudaneuralnetwork.pdb
c:\users\micka\documents\projet\cpp\neuralnetwork\cudaneuralnetwork\x64\release\kernel.cu.cache
c:\users\micka\documents\projet\cpp\neuralnetwork\cudaneuralnetwork\x64\release\cudaneur.64edac79.tlog\cl.command.1.tlog
c:\users\micka\documents\projet\cpp\neuralnetwork\cudaneuralnetwork\x64\release\cudaneur.64edac79.tlog\cl.read.1.tlog
c:\users\micka\documents\projet\cpp\neuralnetwork\cudaneuralnetwork\x64\release\cudaneur.64edac79.tlog\cl.write.1.tlog
c:\users\micka\documents\projet\cpp\neuralnetwork\cudaneuralnetwork\x64\release\cudaneur.64edac79.tlog\cudacompile.read.1u.tlog
c:\users\micka\documents\projet\cpp\neuralnetwork\cudaneuralnetwork\x64\release\cudaneur.64edac79.tlog\cudacompile.write.1u.tlog
c:\users\micka\documents\projet\cpp\neuralnetwork\cudaneuralnetwork\x64\release\cudaneur.64edac79.tlog\cudaneuralnetwork.write.1u.tlog
c:\users\micka\documents\projet\cpp\neuralnetwork\cudaneuralnetwork\x64\release\cudaneur.64edac79.tlog\link.command.1.tlog
c:\users\micka\documents\projet\cpp\neuralnetwork\cudaneuralnetwork\x64\release\cudaneur.64edac79.tlog\link.read.1.tlog
c:\users\micka\documents\projet\cpp\neuralnetwork\cudaneuralnetwork\x64\release\cudaneur.64edac79.tlog\link.write.1.tlog
