  Compiling CUDA source file kernel.cu...
  
  D:\Projet\Cpp\CudaNeuralNetwork\CudaNeuralNetwork>"C:\Program Files\NVIDIA GPU Computing Toolkit\CUDA\v12.2\bin\nvcc.exe" -gencode=arch=compute_52,code=\"sm_52,compute_52\" --use-local-env -ccbin "C:\Program Files (x86)\Microsoft Visual Studio\2019\Community\VC\Tools\MSVC\14.29.30133\bin\HostX64\x64" -x cu   -I"C:\Program Files\NVIDIA GPU Computing Toolkit\CUDA\v12.2\include" -I"C:\Program Files\NVIDIA GPU Computing Toolkit\CUDA\v12.2\include"     --keep-dir x64\Release  -maxrregcount=0   --machine 64 --compile -cudart static    -DWIN32 -DWIN64 -DNDEBUG -D_CONSOLE -D_WINDLL -D_MBCS -Xcompiler "/EHsc /W3 /nologo /O2 /FS   /MD " -Xcompiler "/Fdx64\Release\vc142.pdb" -o D:\Projet\Cpp\CudaNeuralNetwork\CudaNeuralNetwork\x64\Release\kernel.cu.obj "D:\Projet\Cpp\CudaNeuralNetwork\CudaNeuralNetwork\kernel.cu" 
  kernel.cu
  tmpxft_000036ac_00000000-7_kernel.cudafe1.cpp
  CNNHelper.cpp
  Color.cpp
D:\Projet\Cpp\CudaNeuralNetwork\CudaNeuralNetwork\Color.cpp(178,14): warning C4244: 'argument' : conversion de 'float' en 'unsigned char', perte possible de données
D:\Projet\Cpp\CudaNeuralNetwork\CudaNeuralNetwork\Color.cpp(177,14): warning C4244: 'argument' : conversion de 'float' en 'unsigned char', perte possible de données
D:\Projet\Cpp\CudaNeuralNetwork\CudaNeuralNetwork\Color.cpp(176,14): warning C4244: 'argument' : conversion de 'float' en 'unsigned char', perte possible de données
D:\Projet\Cpp\CudaNeuralNetwork\CudaNeuralNetwork\Color.cpp(175,26): warning C4244: 'argument' : conversion de 'float' en 'unsigned char', perte possible de données
  CudaNeuralNetwork.cpp
D:\Projet\Cpp\CudaNeuralNetwork\CudaNeuralNetwork\CudaNeuralNetwork.cpp(35,27): warning C4267: '=' : conversion de 'size_t' en 'int', perte possible de données
D:\Projet\Cpp\CudaNeuralNetwork\CudaNeuralNetwork\CudaNeuralNetwork.cpp(383,1): warning C4533: l'initialisation de 'dimBlock' est ignorée par 'goto Error'
D:\Projet\Cpp\CudaNeuralNetwork\CudaNeuralNetwork\CudaNeuralNetwork.cpp(357): message : voir la déclaration de 'dimBlock'
D:\Projet\Cpp\CudaNeuralNetwork\CudaNeuralNetwork\CudaNeuralNetwork.cpp(383): message : voir la déclaration de 'Error'
D:\Projet\Cpp\CudaNeuralNetwork\CudaNeuralNetwork\CudaNeuralNetwork.cpp(383,1): warning C4533: l'initialisation de 'dimGrid' est ignorée par 'goto Error'
D:\Projet\Cpp\CudaNeuralNetwork\CudaNeuralNetwork\CudaNeuralNetwork.cpp(356): message : voir la déclaration de 'dimGrid'
D:\Projet\Cpp\CudaNeuralNetwork\CudaNeuralNetwork\CudaNeuralNetwork.cpp(383): message : voir la déclaration de 'Error'
  ImageData.cpp
  NeuralNetwork.cpp
D:\Projet\Cpp\CudaNeuralNetwork\CudaNeuralNetwork\NeuralNetwork.cpp(180,20): warning C4477: 'fprintf' : la chaîne de format '%d' nécessite un argument de type 'int', mais l'argument variadique 2 est de type 'unsigned __int64'
D:\Projet\Cpp\CudaNeuralNetwork\CudaNeuralNetwork\NeuralNetwork.cpp(180,20): message : utilisez '%zd' dans la chaîne de format
D:\Projet\Cpp\CudaNeuralNetwork\CudaNeuralNetwork\NeuralNetwork.cpp(214,19): warning C4477: 'fprintf' : la chaîne de format '%d' nécessite un argument de type 'int', mais l'argument variadique 1 est de type 'unsigned __int64'
D:\Projet\Cpp\CudaNeuralNetwork\CudaNeuralNetwork\NeuralNetwork.cpp(214,19): message : utilisez '%zd' dans la chaîne de format
D:\Projet\Cpp\CudaNeuralNetwork\CudaNeuralNetwork\NeuralNetwork.cpp(214,19): warning C4477: 'fprintf' : la chaîne de format '%d' nécessite un argument de type 'int', mais l'argument variadique 2 est de type 'unsigned __int64'
D:\Projet\Cpp\CudaNeuralNetwork\CudaNeuralNetwork\NeuralNetwork.cpp(214,19): message : utilisez '%zd' dans la chaîne de format
D:\Projet\Cpp\CudaNeuralNetwork\CudaNeuralNetwork\NeuralNetwork.cpp(221,20): warning C4477: 'fprintf' : la chaîne de format '%d' nécessite un argument de type 'int', mais l'argument variadique 2 est de type 'unsigned __int64'
D:\Projet\Cpp\CudaNeuralNetwork\CudaNeuralNetwork\NeuralNetwork.cpp(221,20): message : utilisez '%zd' dans la chaîne de format
D:\Projet\Cpp\CudaNeuralNetwork\CudaNeuralNetwork\NeuralNetwork.cpp(226,20): warning C4477: 'fprintf' : la chaîne de format '%d' nécessite un argument de type 'int', mais l'argument variadique 2 est de type 'unsigned __int64'
D:\Projet\Cpp\CudaNeuralNetwork\CudaNeuralNetwork\NeuralNetwork.cpp(226,20): message : utilisez '%zd' dans la chaîne de format
D:\Projet\Cpp\CudaNeuralNetwork\CudaNeuralNetwork\NeuralNetwork.cpp(271,19): warning C4477: 'fprintf' : la chaîne de format '%d' nécessite un argument de type 'int', mais l'argument variadique 1 est de type 'unsigned __int64'
D:\Projet\Cpp\CudaNeuralNetwork\CudaNeuralNetwork\NeuralNetwork.cpp(271,19): message : utilisez '%zd' dans la chaîne de format
     Création de la bibliothèque D:\Projet\Cpp\CudaNeuralNetwork\x64\Release\CudaNeuralNetwork.lib et de l'objet D:\Projet\Cpp\CudaNeuralNetwork\x64\Release\CudaNeuralNetwork.exp
LINK : warning LNK4098: conflit entre la bibliothèque par défaut 'LIBCMT' et les autres bibliothèques ; utilisez /NODEFAULTLIB:library
  Génération de code en cours
  Previous IPDB not found, fall back to full compilation.
  All 1218 functions were compiled because no usable IPDB/IOBJ from previous compilation was found.
  Fin de la génération du code
  CudaNeuralNetwork.vcxproj -> D:\Projet\Cpp\CudaNeuralNetwork\x64\Release\CudaNeuralNetwork.dll
